<?xml version="1.0" encoding="UTF-8"?>
<coverage generated="1745100729174" clover="3.2.0">
  <project timestamp="1745100729174" name="All files">
    <metrics statements="13" coveredstatements="8" conditionals="0" coveredconditionals="0" methods="10" coveredmethods="8" elements="23" coveredelements="16" complexity="0" loc="13" ncloc="13" packages="2" files="5" classes="5"/>
    <package name="components">
      <metrics statements="8" coveredstatements="8" conditionals="0" coveredconditionals="0" methods="8" coveredmethods="8"/>
      <file name="Education.jsx" path="/Users/frank/Developer/Personal/frankkme/src/components/Education.jsx">
        <metrics statements="2" coveredstatements="2" conditionals="0" coveredconditionals="0" methods="2" coveredmethods="2"/>
        <line num="2" count="1" type="stmt"/>
        <line num="6" count="2" type="stmt"/>
      </file>
      <file name="Experience.jsx" path="/Users/frank/Developer/Personal/frankkme/src/components/Experience.jsx">
        <metrics statements="3" coveredstatements="3" conditionals="0" coveredconditionals="0" methods="3" coveredmethods="3"/>
        <line num="2" count="1" type="stmt"/>
        <line num="6" count="1" type="stmt"/>
        <line num="11" count="2" type="stmt"/>
      </file>
      <file name="Profile.jsx" path="/Users/frank/Developer/Personal/frankkme/src/components/Profile.jsx">
        <metrics statements="1" coveredstatements="1" conditionals="0" coveredconditionals="0" methods="1" coveredmethods="1"/>
        <line num="2" count="1" type="stmt"/>
      </file>
      <file name="Skills.jsx" path="/Users/frank/Developer/Personal/frankkme/src/components/Skills.jsx">
        <metrics statements="2" coveredstatements="2" conditionals="0" coveredconditionals="0" methods="2" coveredmethods="2"/>
        <line num="2" count="1" type="stmt"/>
        <line num="7" count="6" type="stmt"/>
      </file>
    </package>
    <package name="pages">
      <metrics statements="5" coveredstatements="0" conditionals="0" coveredconditionals="0" methods="2" coveredmethods="0"/>
      <file name="index.jsx" path="/Users/frank/Developer/Personal/frankkme/src/pages/index.jsx">
        <metrics statements="5" coveredstatements="0" conditionals="0" coveredconditionals="0" methods="2" coveredmethods="0"/>
        <line num="11" count="0" type="stmt"/>
        <line num="31" count="0" type="stmt"/>
        <line num="32" count="0" type="stmt"/>
        <line num="33" count="0" type="stmt"/>
        <line num="34" count="0" type="stmt"/>
      </file>
    </package>
  </project>
</coverage>
