{"/Users/frank/Developer/Personal/frankkme/src/components/Education.jsx": {"path":"/Users/frank/Developer/Personal/frankkme/src/components/Education.jsx","statementMap":{"0":{"start":{"line":2,"column":2},"end":{"line":12,"column":4}},"1":{"start":{"line":6,"column":8},"end":{"line":9,"column":14}}},"fnMap":{"0":{"name":"Education","decl":{"start":{"line":1,"column":24},"end":{"line":1,"column":33}},"loc":{"start":{"line":1,"column":49},"end":{"line":13,"column":1}},"line":1},"1":{"name":"(anonymous_1)","decl":{"start":{"line":5,"column":21},"end":{"line":5,"column":22}},"loc":{"start":{"line":6,"column":8},"end":{"line":9,"column":14}},"line":6}},"branchMap":{},"s":{"0":0,"1":0},"f":{"0":0,"1":0},"b":{},"_coverageSchema":"1a1c01bbd47fc00a2c39e90264f33305004495a9","hash":"e21e918499071e426dc52894652f2cff2bc10499"}
,"/Users/frank/Developer/Personal/frankkme/src/components/Profile.jsx": {"path":"/Users/frank/Developer/Personal/frankkme/src/components/Profile.jsx","statementMap":{"0":{"start":{"line":2,"column":2},"end":{"line":12,"column":3}}},"fnMap":{"0":{"name":"Profile","decl":{"start":{"line":1,"column":24},"end":{"line":1,"column":31}},"loc":{"start":{"line":1,"column":45},"end":{"line":13,"column":1}},"line":1}},"branchMap":{},"s":{"0":0},"f":{"0":0},"b":{},"_coverageSchema":"1a1c01bbd47fc00a2c39e90264f33305004495a9","hash":"abfa1d897a1cf46aefe4344c69ae1ab2cb16485c"}
,"/Users/frank/Developer/Personal/frankkme/src/pages/index.jsx": {"path":"/Users/frank/Developer/Personal/frankkme/src/pages/index.jsx","statementMap":{"0":{"start":{"line":11,"column":2},"end":{"line":27,"column":3}},"1":{"start":{"line":31,"column":19},"end":{"line":31,"column":68}},"2":{"start":{"line":32,"column":23},"end":{"line":32,"column":56}},"3":{"start":{"line":33,"column":13},"end":{"line":33,"column":36}},"4":{"start":{"line":34,"column":2},"end":{"line":34,"column":22}}},"fnMap":{"0":{"name":"Home","decl":{"start":{"line":10,"column":24},"end":{"line":10,"column":28}},"loc":{"start":{"line":10,"column":74},"end":{"line":28,"column":1}},"line":10},"1":{"name":"getStaticProps","decl":{"start":{"line":30,"column":22},"end":{"line":30,"column":36}},"loc":{"start":{"line":30,"column":39},"end":{"line":35,"column":1}},"line":30}},"branchMap":{},"s":{"0":0,"1":0,"2":0,"3":0,"4":0},"f":{"0":0,"1":0},"b":{},"_coverageSchema":"1a1c01bbd47fc00a2c39e90264f33305004495a9","hash":"925e32fe57ac43385653d30cd7743f8a50d79149"}
}
