TN:
SF:src/components/Education.jsx
FN:1,Education
FN:5,(anonymous_1)
FNF:2
FNH:2
FNDA:1,Education
FNDA:2,(anonymous_1)
DA:2,1
DA:6,2
LF:2
LH:2
BRF:0
BRH:0
end_of_record
TN:
SF:src/components/Experience.jsx
FN:1,Experience
FN:5,(anonymous_1)
FN:10,(anonymous_2)
FNF:3
FNH:3
FNDA:1,Experience
FNDA:1,(anonymous_1)
FNDA:2,(anonymous_2)
DA:2,1
DA:6,1
DA:11,2
LF:3
LH:3
BRF:0
BRH:0
end_of_record
TN:
SF:src/components/Profile.jsx
FN:1,Profile
FNF:1
FNH:1
FNDA:1,Profile
DA:2,1
LF:1
LH:1
BRF:0
BRH:0
end_of_record
TN:
SF:src/components/Skills.jsx
FN:1,Skills
FN:6,(anonymous_1)
FNF:2
FNH:2
FNDA:1,Skills
FNDA:6,(anonymous_1)
DA:2,1
DA:7,6
LF:2
LH:2
BRF:0
BRH:0
end_of_record
TN:
SF:src/pages/index.jsx
FN:10,Home
FN:30,getStaticProps
FNF:2
FNH:0
FNDA:0,Home
FNDA:0,getStaticProps
DA:11,0
DA:31,0
DA:32,0
DA:33,0
DA:34,0
LF:5
LH:0
BRF:0
BRH:0
end_of_record
